<?xml version="1.0" encoding="UTF-8"?>
<!-- Generated by org.testng.reporters.JUnitXMLReporter -->
<testsuite ignored="2" hostname="SelfTech-027" failures="0" tests="0" time="0.028" errors="0" timestamp="2023-01-20T18:54:28 IST">
  <testcase classname="RahulShetty.SeleniumFrameworkShopping.Onnline" name="orderHistory" time="0.0">
    <ignored/>
  </testcase> <!-- orderHistory -->
  <testcase classname="RahulShetty.SeleniumFrameworkShopping.Onnline" name="submitOrder" time="0.0">
    <ignored/>
  </testcase> <!-- submitOrder -->
</testsuite>
