<?xml version="1.0" encoding="UTF-8"?>
<!-- Generated by org.testng.reporters.JUnitXMLReporter -->
<testsuite ignored="0" hostname="SelfTech-027" failures="0" tests="3" name="Submit order" time="1.584" errors="0" timestamp="2023-01-24T14:46:06 IST">
  <testcase classname="RahulShetty.resources.BaseTest" name="@BeforeMethod lunchApplication" time="1.156">
    <failure type="java.lang.NullPointerException">
      <![CDATA[java.lang.NullPointerException
at RahulShetty.resources.BaseTest.intializeDriver(BaseTest.java:58)
at RahulShetty.resources.BaseTest.lunchApplication(BaseTest.java:93)
at java.base/java.util.ArrayList.forEach(ArrayList.java:1541)
at java.base/java.util.concurrent.FutureTask.run(FutureTask.java:264)
at java.base/java.util.concurrent.ThreadPoolExecutor.runWorker(ThreadPoolExecutor.java:1128)
at java.base/java.util.concurrent.ThreadPoolExecutor$Worker.run(ThreadPoolExecutor.java:628)
at java.base/java.lang.Thread.run(Thread.java:834)
... Removed 21 stack frames]]>
    </failure>
  </testcase> <!-- @BeforeMethod lunchApplication -->
  <testcase classname="RahulShetty.resources.BaseTest" name="@BeforeMethod lunchApplication" time="1.494">
    <failure type="java.lang.NullPointerException">
      <![CDATA[java.lang.NullPointerException
at RahulShetty.resources.BaseTest.intializeDriver(BaseTest.java:58)
at RahulShetty.resources.BaseTest.lunchApplication(BaseTest.java:93)
at java.base/java.util.ArrayList.forEach(ArrayList.java:1541)
at java.base/java.util.concurrent.FutureTask.run(FutureTask.java:264)
at java.base/java.util.concurrent.ThreadPoolExecutor.runWorker(ThreadPoolExecutor.java:1128)
at java.base/java.util.concurrent.ThreadPoolExecutor$Worker.run(ThreadPoolExecutor.java:628)
at java.base/java.lang.Thread.run(Thread.java:834)
... Removed 21 stack frames]]>
    </failure>
  </testcase> <!-- @BeforeMethod lunchApplication -->
  <testcase classname="RahulShetty.resources.BaseTest" name="@AfterMethod teardown" time="0.0">
    <skipped/>
  </testcase> <!-- @AfterMethod teardown -->
  <testcase classname="RahulShetty.resources.BaseTest" name="@AfterMethod teardown" time="0.0">
    <skipped/>
  </testcase> <!-- @AfterMethod teardown -->
  <testcase classname="RahulShetty.resources.BaseTest" name="@BeforeMethod lunchApplication" time="0.0">
    <skipped/>
  </testcase> <!-- @BeforeMethod lunchApplication -->
  <testcase classname="RahulShetty.resources.BaseTest" name="@BeforeMethod lunchApplication" time="0.0">
    <skipped/>
  </testcase> <!-- @BeforeMethod lunchApplication -->
  <testcase classname="RahulShetty.resources.BaseTest" name="@AfterMethod teardown" time="0.0">
    <skipped/>
  </testcase> <!-- @AfterMethod teardown -->
  <testcase classname="RahulShetty.resources.BaseTest" name="@AfterMethod teardown" time="0.0">
    <skipped/>
  </testcase> <!-- @AfterMethod teardown -->
  <testcase classname="RahulShetty.SeleniumFrameworkShopping.Onnline" name="submitOrder" time="0.0">
    <skipped/>
  </testcase> <!-- submitOrder -->
  <testcase classname="RahulShetty.SeleniumFrameworkShopping.Onnline" name="submitOrder" time="0.0">
    <skipped/>
  </testcase> <!-- submitOrder -->
  <testcase classname="RahulShetty.SeleniumFrameworkShopping.Onnline" name="orderHistory" time="0.0">
    <skipped/>
  </testcase> <!-- orderHistory -->
</testsuite> <!-- Submit order -->
