<?xml version="1.0" encoding="UTF-8"?>
<testsuite xmlns:xsi="http://www.w3.org/2001/XMLSchema-instance" xsi:noNamespaceSchemaLocation="https://maven.apache.org/surefire/maven-surefire-plugin/xsd/surefire-test-report-3.0.xsd" version="3.0" name="TestSuite" time="3.47" tests="13" errors="0" skipped="11" failures="2">
  <properties>
[...]
</properties>
  <testcase name="lunchApplication" classname="RahulShetty.SeleniumFrameworkShopping.Onnline" time="3.228">
    <failure type="java.lang.NullPointerException"><![CDATA[java.lang.NullPointerException
	at RahulShetty.resources.BaseTest.intializeDriver(BaseTest.java:58)
	at RahulShetty.resources.BaseTest.lunchApplication(BaseTest.java:93)
	at java.base/jdk.internal.reflect.NativeMethodAccessorImpl.invoke0(Native Method)
	at java.base/jdk.internal.reflect.NativeMethodAccessorImpl.invoke(NativeMethodAccessorImpl.java:62)
	at java.base/jdk.internal.reflect.DelegatingMethodAccessorImpl.invoke(DelegatingMethodAccessorImpl.java:43)
	at java.base/java.lang.reflect.Method.invoke(Method.java:566)
	at org.testng.internal.invokers.MethodInvocationHelper.invokeMethod(MethodInvocationHelper.java:139)
	at org.testng.internal.invokers.MethodInvocationHelper.invokeMethodConsideringTimeout(MethodInvocationHelper.java:69)
	at org.testng.internal.invokers.ConfigInvoker.invokeConfigurationMethod(ConfigInvoker.java:361)
	at org.testng.internal.invokers.ConfigInvoker.invokeConfigurations(ConfigInvoker.java:296)
	at org.testng.internal.invokers.TestInvoker.runConfigMethods(TestInvoker.java:816)
	at org.testng.internal.invokers.TestInvoker.invokeMethod(TestInvoker.java:590)
	at org.testng.internal.invokers.TestInvoker.invokeTestMethod(TestInvoker.java:221)
	at org.testng.internal.invokers.MethodRunner.runInSequence(MethodRunner.java:50)
	at org.testng.internal.invokers.TestInvoker$MethodInvocationAgent.invoke(TestInvoker.java:962)
	at org.testng.internal.invokers.TestInvoker.invokeTestMethods(TestInvoker.java:194)
	at org.testng.internal.invokers.TestMethodWorker.invokeTestMethods(TestMethodWorker.java:148)
	at org.testng.internal.invokers.TestMethodWorker.run(TestMethodWorker.java:128)
	at java.base/java.util.ArrayList.forEach(ArrayList.java:1541)
	at org.testng.TestRunner.privateRun(TestRunner.java:806)
	at org.testng.TestRunner.run(TestRunner.java:601)
	at org.testng.SuiteRunner.runTest(SuiteRunner.java:433)
	at org.testng.SuiteRunner$SuiteWorker.run(SuiteRunner.java:471)
	at org.testng.internal.thread.ThreadUtil.lambda$execute$0(ThreadUtil.java:58)
	at java.base/java.util.concurrent.FutureTask.run(FutureTask.java:264)
	at java.base/java.util.concurrent.ThreadPoolExecutor.runWorker(ThreadPoolExecutor.java:1128)
	at java.base/java.util.concurrent.ThreadPoolExecutor$Worker.run(ThreadPoolExecutor.java:628)
	at java.base/java.lang.Thread.run(Thread.java:834)
]]></failure>
    <system-err><![CDATA[SLF4J: Failed to load class "org.slf4j.impl.StaticLoggerBinder".
SLF4J: Defaulting to no-operation (NOP) logger implementation
SLF4J: See http://www.slf4j.org/codes.html#StaticLoggerBinder for further details.
]]></system-err>
  </testcase>
  <testcase name="lunchApplication" classname="RahulShetty.SeleniumFrameworkShopping.Onnline" time="0">
    <skipped/>
  </testcase>
  <testcase name="submitOrder[{pass=Iamking@000, user=anshika@gmail.com, productName=ZARA COAT 3}](1)" classname="RahulShetty.SeleniumFrameworkShopping.Onnline" time="0">
    <skipped/>
  </testcase>
  <testcase name="teardown" classname="RahulShetty.SeleniumFrameworkShopping.Onnline" time="0">
    <skipped/>
  </testcase>
  <testcase name="teardown" classname="RahulShetty.SeleniumFrameworkShopping.Onnline" time="0">
    <skipped/>
  </testcase>
  <testcase name="submitOrder[{pass=Iamking@000, user=shetty@gmail.com, productName=ADIDAS ORIGINAL}](2)" classname="RahulShetty.SeleniumFrameworkShopping.Onnline" time="0">
    <skipped/>
  </testcase>
  <testcase name="orderHistory" classname="RahulShetty.SeleniumFrameworkShopping.Onnline" time="0">
    <skipped message="Method RahulShetty.SeleniumFrameworkShopping.Onnline.orderHistory() on instance RahulShetty.SeleniumFrameworkShopping.Onnline@4b85880b depends on not successfully finished methods &#10;[RahulShetty.SeleniumFrameworkShopping.Onnline.submitOrder() on instance RahulShetty.SeleniumFrameworkShopping.Onnline@4b85880b]"/>
  </testcase>
  <testcase name="lunchApplication" classname="RahulShetty.SeleniumFrameworkShopping.ErrorValidations" time="3.229">
    <failure type="java.lang.NullPointerException"><![CDATA[java.lang.NullPointerException
	at RahulShetty.resources.BaseTest.intializeDriver(BaseTest.java:58)
	at RahulShetty.resources.BaseTest.lunchApplication(BaseTest.java:93)
	at java.base/jdk.internal.reflect.NativeMethodAccessorImpl.invoke0(Native Method)
	at java.base/jdk.internal.reflect.NativeMethodAccessorImpl.invoke(NativeMethodAccessorImpl.java:62)
	at java.base/jdk.internal.reflect.DelegatingMethodAccessorImpl.invoke(DelegatingMethodAccessorImpl.java:43)
	at java.base/java.lang.reflect.Method.invoke(Method.java:566)
	at org.testng.internal.invokers.MethodInvocationHelper.invokeMethod(MethodInvocationHelper.java:139)
	at org.testng.internal.invokers.MethodInvocationHelper.invokeMethodConsideringTimeout(MethodInvocationHelper.java:69)
	at org.testng.internal.invokers.ConfigInvoker.invokeConfigurationMethod(ConfigInvoker.java:361)
	at org.testng.internal.invokers.ConfigInvoker.invokeConfigurations(ConfigInvoker.java:296)
	at org.testng.internal.invokers.TestInvoker.runConfigMethods(TestInvoker.java:816)
	at org.testng.internal.invokers.TestInvoker.invokeMethod(TestInvoker.java:590)
	at org.testng.internal.invokers.TestInvoker.invokeTestMethod(TestInvoker.java:221)
	at org.testng.internal.invokers.MethodRunner.runInSequence(MethodRunner.java:50)
	at org.testng.internal.invokers.TestInvoker$MethodInvocationAgent.invoke(TestInvoker.java:962)
	at org.testng.internal.invokers.TestInvoker.invokeTestMethods(TestInvoker.java:194)
	at org.testng.internal.invokers.TestMethodWorker.invokeTestMethods(TestMethodWorker.java:148)
	at org.testng.internal.invokers.TestMethodWorker.run(TestMethodWorker.java:128)
	at java.base/java.util.ArrayList.forEach(ArrayList.java:1541)
	at org.testng.TestRunner.privateRun(TestRunner.java:806)
	at org.testng.TestRunner.run(TestRunner.java:601)
	at org.testng.SuiteRunner.runTest(SuiteRunner.java:433)
	at org.testng.SuiteRunner$SuiteWorker.run(SuiteRunner.java:471)
	at org.testng.internal.thread.ThreadUtil.lambda$execute$0(ThreadUtil.java:58)
	at java.base/java.util.concurrent.FutureTask.run(FutureTask.java:264)
	at java.base/java.util.concurrent.ThreadPoolExecutor.runWorker(ThreadPoolExecutor.java:1128)
	at java.base/java.util.concurrent.ThreadPoolExecutor$Worker.run(ThreadPoolExecutor.java:628)
	at java.base/java.lang.Thread.run(Thread.java:834)
]]></failure>
  </testcase>
  <testcase name="lunchApplication" classname="RahulShetty.SeleniumFrameworkShopping.ErrorValidations" time="0">
    <skipped/>
  </testcase>
  <testcase name="LoginErrorValidation" classname="RahulShetty.SeleniumFrameworkShopping.ErrorValidations" time="0">
    <skipped/>
  </testcase>
  <testcase name="teardown" classname="RahulShetty.SeleniumFrameworkShopping.ErrorValidations" time="0">
    <skipped/>
  </testcase>
  <testcase name="teardown" classname="RahulShetty.SeleniumFrameworkShopping.ErrorValidations" time="0">
    <skipped/>
  </testcase>
  <testcase name="ProductErrorVaidation" classname="RahulShetty.SeleniumFrameworkShopping.ErrorValidations" time="0">
    <skipped/>
  </testcase>
</testsuite>