<?xml version="1.0" encoding="UTF-8"?>
<!-- Generated by org.testng.reporters.JUnitXMLReporter -->
<testsuite hostname="SelfTech-027" ignored="0" name="Error validation message" tests="4" failures="2" timestamp="2023-01-20T18:22:16 IST" time="47.598" errors="0">
  <testcase name="LoginErrorValidation" time="0.601" classname="RahulShetty.SeleniumFrameworkShopping.ErrorValidations">
    <skipped/>
  </testcase> <!-- LoginErrorValidation -->
  <testcase name="LoginErrorValidation" time="0.454" classname="RahulShetty.SeleniumFrameworkShopping.ErrorValidations">
    <failure type="java.lang.AssertionError" message="expected [Incorrect email or password.] but found [Incorrect email 12or password.]">
      <![CDATA[java.lang.AssertionError: expected [Incorrect email or password.] but found [Incorrect email 12or password.]
at RahulShetty.SeleniumFrameworkShopping.ErrorValidations.LoginErrorValidation(ErrorValidations.java:22)
at java.util.ArrayList.forEach(ArrayList.java:1259)
at java.util.concurrent.FutureTask.run(FutureTask.java:266)
at java.util.concurrent.ThreadPoolExecutor.runWorker(ThreadPoolExecutor.java:1149)
at java.util.concurrent.ThreadPoolExecutor$Worker.run(ThreadPoolExecutor.java:624)
at java.lang.Thread.run(Thread.java:748)
... Removed 24 stack frames]]>
    </failure>
  </testcase> <!-- LoginErrorValidation -->
  <testcase name="ProductErrorVaidation" time="0.81" classname="RahulShetty.SeleniumFrameworkShopping.ErrorValidations">
    <skipped/>
  </testcase> <!-- ProductErrorVaidation -->
  <testcase name="ProductErrorVaidation" time="0.76" classname="RahulShetty.SeleniumFrameworkShopping.ErrorValidations">
    <failure type="java.lang.NullPointerException">
      <![CDATA[java.lang.NullPointerException
at RahulShetty.pageObjects.ProductCatalogue.addProductToCart(ProductCatalogue.java:47)
at RahulShetty.SeleniumFrameworkShopping.ErrorValidations.ProductErrorVaidation(ErrorValidations.java:32)
at java.util.ArrayList.forEach(ArrayList.java:1259)
at java.util.concurrent.FutureTask.run(FutureTask.java:266)
at java.util.concurrent.ThreadPoolExecutor.runWorker(ThreadPoolExecutor.java:1149)
at java.util.concurrent.ThreadPoolExecutor$Worker.run(ThreadPoolExecutor.java:624)
at java.lang.Thread.run(Thread.java:748)
... Removed 18 stack frames]]>
    </failure>
  </testcase> <!-- ProductErrorVaidation -->
</testsuite> <!-- Error validation message -->
