<?xml version="1.0" encoding="UTF-8"?>
<!-- Generated by org.testng.reporters.JUnitXMLReporter -->
<testsuite hostname="SelfTech-027" ignored="2" tests="0" failures="0" timestamp="2023-01-09T23:17:11 IST" time="0.021" errors="0">
  <testcase name="submitOrder" time="0.0" classname="RahulShetty.SeleniumFrameworkShopping.Onnline">
    <ignored/>
  </testcase> <!-- submitOrder -->
  <testcase name="orderHistory" time="0.0" classname="RahulShetty.SeleniumFrameworkShopping.Onnline">
    <ignored/>
  </testcase> <!-- orderHistory -->
</testsuite>
